[2015-09-25 19:10:10,091]  INFO {org.wso2.carbon.server.util.PatchUtils} -  Checking for patch changes ...
[2015-09-25 19:10:10,093]  INFO {org.wso2.carbon.server.util.PatchUtils} -  New patch available - patch0001
[2015-09-25 19:10:10,093]  INFO {org.wso2.carbon.server.util.PatchUtils} -  New patch available - patch0002
[2015-09-25 19:10:10,093]  INFO {org.wso2.carbon.server.util.PatchUtils} -  New patch available - patch0003
[2015-09-25 19:10:10,093]  INFO {org.wso2.carbon.server.util.PatchUtils} -  New patch available - patch0004
[2015-09-25 19:10:10,093]  INFO {org.wso2.carbon.server.util.PatchUtils} -  New patch available - patch0005
[2015-09-25 19:10:10,093]  INFO {org.wso2.carbon.server.util.PatchUtils} -  New patch available - patch0006
[2015-09-25 19:10:10,093]  INFO {org.wso2.carbon.server.util.PatchUtils} -  New patch available - patch0007
[2015-09-25 19:10:10,093]  INFO {org.wso2.carbon.server.util.PatchUtils} -  New patch available - patch0008
[2015-09-25 19:10:10,093]  INFO {org.wso2.carbon.server.util.PatchUtils} -  New patch available - patch0009
[2015-09-25 19:10:10,093]  INFO {org.wso2.carbon.server.util.PatchUtils} -  New patch available - patch0010
[2015-09-25 19:10:10,093]  INFO {org.wso2.carbon.server.util.PatchUtils} -  New patch available - patch0011
[2015-09-25 19:10:10,093]  INFO {org.wso2.carbon.server.util.PatchUtils} -  New patch available - patch0012
[2015-09-25 19:10:10,366]  INFO {org.wso2.carbon.server.extensions.PatchInstaller} -  Patch changes detected 
[2015-09-25 19:10:11,493]  INFO {org.wso2.carbon.server.util.PatchUtils} -  Backed up plugins to patch0000
[2015-09-25 19:10:11,493]  INFO {org.wso2.carbon.server.util.PatchUtils} -  Applying patches ...
[2015-09-25 19:10:11,494]  INFO {org.wso2.carbon.server.util.PatchUtils} -  Applying - patch0001
[2015-09-25 19:10:11,507]  INFO {org.wso2.carbon.server.util.PatchUtils} -  Patched org.wso2.carbon.tomcat.ext_4.2.0.jar(MD5:c5e086e751732f9abeccf7c9f7bbbbbd)
[2015-09-25 19:10:11,509]  INFO {org.wso2.carbon.server.util.PatchUtils} -  Patched org.wso2.carbon.tomcat_4.2.0.jar(MD5:41fdaf9d98224ab34ab1982e91e184a5)
[2015-09-25 19:10:11,574]  INFO {org.wso2.carbon.server.util.PatchUtils} -  Patched spring.framework_3.1.0.wso2v1.jar(MD5:bf208e0301929bd0a6482626771bc7ae)
[2015-09-25 19:10:11,577]  INFO {org.wso2.carbon.server.util.PatchUtils} -  Patched javax.cache.wso2_4.2.0.jar(MD5:089ed7a98850aa3723207c6f3f1768d2)
[2015-09-25 19:10:11,578]  INFO {org.wso2.carbon.server.util.PatchUtils} -  Patched org.wso2.carbon.server.admin_4.2.0.jar(MD5:cecd6f71ea25abd2560682523231adda)
[2015-09-25 19:10:11,706]  INFO {org.wso2.carbon.server.util.PatchUtils} -  Patched axis2_1.6.1.wso2v10.jar(MD5:3b297ce1e609817bd52e52407867da66)
[2015-09-25 19:10:11,730]  INFO {org.wso2.carbon.server.util.PatchUtils} -  Patched wss4j_1.5.11.wso2v6.jar(MD5:6af11b00c0d4c20c933454cdc4346522)
[2015-09-25 19:10:11,735]  INFO {org.wso2.carbon.server.util.PatchUtils} -  Patched org.wso2.carbon.utils_4.2.0.jar(MD5:a806a9cc8d132794dfcbfbc7d743e915)
[2015-09-25 19:10:11,736]  INFO {org.wso2.carbon.server.util.PatchUtils} -  Patched org.wso2.carbon.core.services._4.2.0.jar(MD5:b6e7fac5646a39c464683ad84490d786)
[2015-09-25 19:10:11,858]  INFO {org.wso2.carbon.server.util.PatchUtils} -  Patched org.wso2.carbon.registry.core_4.2.0.jar(MD5:94f2340a1e11a67d9e5d2927b1d8fbdb)
[2015-09-25 19:10:11,882]  INFO {org.wso2.carbon.server.util.PatchUtils} -  Patched org.wso2.carbon.core_4.2.0.jar(MD5:a6d5cb417d9fc7ad2162b6ac2ff5ed99)
[2015-09-25 19:10:11,887]  INFO {org.wso2.carbon.server.util.PatchUtils} -  Patched org.wso2.carbon.user.core_4.2.0.jar(MD5:da755deac51edc3a9b06bdb67993f218)
[2015-09-25 19:10:11,891]  INFO {org.wso2.carbon.server.util.PatchUtils} -  Patched httpcore_4.3.0.wso2v1.jar(MD5:4db3b86a7a814670c8b1ae9eeb27b7d4)
[2015-09-25 19:10:11,930]  INFO {org.wso2.carbon.server.util.PatchUtils} -  Patched axiom_1.2.11.wso2v4.jar(MD5:d0b5b01650ca4faae96a54bbc733441f)
[2015-09-25 19:10:11,931]  INFO {org.wso2.carbon.server.util.PatchUtils} -  Patched org.wso2.carbon.application.deployer_4.2.0.jar(MD5:c620fa278f44b8b338a6511824cb4d9c)
[2015-09-25 19:10:11,933]  INFO {org.wso2.carbon.server.util.PatchUtils} -  Patched axis2-transport-jms_1.1.0.wso2v9.jar(MD5:b5a82def11563b9c293474526c7f02f6)
[2015-09-25 19:10:11,933]  INFO {org.wso2.carbon.server.util.PatchUtils} -  Applying - patch0002
[2015-09-25 19:10:11,934]  INFO {org.wso2.carbon.server.util.PatchUtils} -  Patched org.wso2.carbon.core.services_4.2.0.jar(MD5:c1c5c3b392514d50c6fecb5d7283192b)
[2015-09-25 19:10:12,043]  INFO {org.wso2.carbon.server.util.PatchUtils} -  Patched axis2_1.6.1.wso2v10.jar(MD5:ed4438f4a21438dbfdc7a44509e6db9a)
[2015-09-25 19:10:12,060]  INFO {org.wso2.carbon.server.util.PatchUtils} -  Patched wss4j_1.5.11.wso2v6.jar(MD5:edad51f64498d5a03781882fc268f8e7)
[2015-09-25 19:10:12,062]  INFO {org.wso2.carbon.server.util.PatchUtils} -  Patched org.wso2.carbon.utils_4.2.0.jar(MD5:a8912d38cc2bebea6861172f983702dd)
[2015-09-25 19:10:12,074]  INFO {org.wso2.carbon.server.util.PatchUtils} -  Patched org.wso2.carbon.core_4.2.0.jar(MD5:c61b095a142496add085aea43547d080)
[2015-09-25 19:10:12,075]  INFO {org.wso2.carbon.server.util.PatchUtils} -  Patched org.wso2.carbon.application.deployer_4.2.0.jar(MD5:3bdfd228ef139ba0d7cdac38fe417dd4)
[2015-09-25 19:10:12,077]  INFO {org.wso2.carbon.server.util.PatchUtils} -  Patched axis2-transport-jms_1.1.0.wso2v9.jar(MD5:e278aa1875a65d68622c576a5d0b27b4)
[2015-09-25 19:10:12,077]  INFO {org.wso2.carbon.server.util.PatchUtils} -  Applying - patch0003
[2015-09-25 19:10:12,108]  INFO {org.wso2.carbon.server.util.PatchUtils} -  Patched poi-ooxml-3.9.0.wso2v1.jar(MD5:e9c2671429741c6ec5f71e9d2a256d15)
[2015-09-25 19:10:12,110]  INFO {org.wso2.carbon.server.util.PatchUtils} -  Patched jdbc-pool_7.0.34.wso2v1.jar(MD5:d097808a51bd2e71217e3ac7f08b5f8e)
[2015-09-25 19:10:12,111]  INFO {org.wso2.carbon.server.util.PatchUtils} -  Patched org.wso2.carbon.ndatasource.rdbms_4.2.0.jar(MD5:5383dcb8be503a28e6029d47c87fea31)
[2015-09-25 19:10:12,113]  INFO {org.wso2.carbon.server.util.PatchUtils} -  Patched org.wso2.carbon.utils_4.2.0.jar(MD5:9ffcf40459c9766c2ecc5791fa052835)
[2015-09-25 19:10:12,116]  INFO {org.wso2.carbon.server.util.PatchUtils} -  Patched org.wso2.carbon.user.core_4.2.0.jar(MD5:1ebac7188194807c4a78b70cc0afff23)
[2015-09-25 19:10:12,117]  INFO {org.wso2.carbon.server.util.PatchUtils} -  Patched org.wso2.carbon.ndatasource.core_4.2.0.jar(MD5:6b0aedfc978acc19555fc064bcb4fd3a)
[2015-09-25 19:10:12,117]  INFO {org.wso2.carbon.server.util.PatchUtils} -  Applying - patch0004
[2015-09-25 19:10:12,118]  INFO {org.wso2.carbon.server.util.PatchUtils} -  Patched org.wso2.carbon.core.services_4.2.0.jar(MD5:ede997bffff7876c9763ed036257ecf0)
[2015-09-25 19:10:12,120]  INFO {org.wso2.carbon.server.util.PatchUtils} -  Patched org.wso2.carbon.utils_4.2.0.jar(MD5:7ffda5844be79759fa20527f74f8a25b)
[2015-09-25 19:10:12,134]  INFO {org.wso2.carbon.server.util.PatchUtils} -  Patched org.wso2.carbon.core_4.2.0.jar(MD5:9995a5f3f6734f43897efbadbc72a394)
[2015-09-25 19:10:12,138]  INFO {org.wso2.carbon.server.util.PatchUtils} -  Patched org.wso2.carbon.user.core_4.2.0.jar(MD5:05fc5bb622873b63c9dc01c68fbfa495)
[2015-09-25 19:10:12,139]  INFO {org.wso2.carbon.server.util.PatchUtils} -  Patched org.wso2.carbon.application.deployer_4.2.0.jar(MD5:9eb5941ec36256628f0f2b51bdda4e24)
[2015-09-25 19:10:12,140]  INFO {org.wso2.carbon.server.util.PatchUtils} -  Applying - patch0005
[2015-09-25 19:10:12,142]  INFO {org.wso2.carbon.server.util.PatchUtils} -  Patched XmlSchema_1.4.7.wso2v2.jar(MD5:7bdacd14b7c7aa2a07fc7ba0a5f8ab43)
[2015-09-25 19:10:12,216]  INFO {org.wso2.carbon.server.util.PatchUtils} -  Patched axis2_1.6.1.wso2v10.jar(MD5:5fce8ce95fa63673e82b317bfc7a1967)
[2015-09-25 19:10:12,228]  INFO {org.wso2.carbon.server.util.PatchUtils} -  Patched org.wso2.carbon.core_4.2.0.jar(MD5:6212c3637595c567cbb2663527307e2c)
[2015-09-25 19:10:12,231]  INFO {org.wso2.carbon.server.util.PatchUtils} -  Patched org.wso2.carbon.user.core_4.2.0.jar(MD5:7b932437266e3fc6a88394a4b16a980c)
[2015-09-25 19:10:12,232]  INFO {org.wso2.carbon.server.util.PatchUtils} -  Patched org.wso2.carbon.application.deployer_4.2.0.jar(MD5:662c34f6e4c90887fde2bb78fc32f0fa)
[2015-09-25 19:10:12,234]  INFO {org.wso2.carbon.server.util.PatchUtils} -  Patched axis2-transport-jms_1.1.0.wso2v9.jar(MD5:3f7031c0564e1d1215f9eb41b2a1c229)
[2015-09-25 19:10:12,234]  INFO {org.wso2.carbon.server.util.PatchUtils} -  Applying - patch0006
[2015-09-25 19:10:12,235]  INFO {org.wso2.carbon.server.util.PatchUtils} -  Patched wsdl4j_1.6.2.wso2v4.jar(MD5:5618d7a2aa912a18e89e77f44526fff0)
[2015-09-25 19:10:12,236]  INFO {org.wso2.carbon.server.util.PatchUtils} -  Patched javax.cache.wso2_4.2.0.jar(MD5:de7d0abb10926325dc2a9c215071c668)
[2015-09-25 19:10:12,296]  INFO {org.wso2.carbon.server.util.PatchUtils} -  Patched axis2_1.6.1.wso2v10.jar(MD5:39a2dd1505c28cdd7c1df82ef1ecf468)
[2015-09-25 19:10:12,308]  INFO {org.wso2.carbon.server.util.PatchUtils} -  Patched org.wso2.carbon.core_4.2.0.jar(MD5:9b260cdfe85f5b2daacb9985aeba5d21)
[2015-09-25 19:10:12,311]  INFO {org.wso2.carbon.server.util.PatchUtils} -  Patched org.wso2.carbon.user.core_4.2.0.jar(MD5:8538a89df182dc21119a19bcedb18f97)
[2015-09-25 19:10:12,312]  INFO {org.wso2.carbon.server.util.PatchUtils} -  Patched org.wso2.carbon.user.api_4.2.0.jar(MD5:b55fc377c4c36a08c5b49811efc24161)
[2015-09-25 19:10:12,313]  INFO {org.wso2.carbon.server.util.PatchUtils} -  Patched axis2-transport-rabbitmq-amqp_1.1.0.wso2v9.jar(MD5:f10ca5d4828590123ac9a60755dc85ce)
[2015-09-25 19:10:12,314]  INFO {org.wso2.carbon.server.util.PatchUtils} -  Patched axis2-json_1.6.1.wso2v10.jar(MD5:617f973522b047e6534a07b8c7765276)
[2015-09-25 19:10:12,315]  INFO {org.wso2.carbon.server.util.PatchUtils} -  Patched org.wso2.carbon.application.deployer_4.2.0.jar(MD5:822a72adf8b5c05f581ce48954ceb3df)
[2015-09-25 19:10:12,315]  INFO {org.wso2.carbon.server.util.PatchUtils} -  Applying - patch0007
[2015-09-25 19:10:12,316]  INFO {org.wso2.carbon.server.util.PatchUtils} -  Patched org.wso2.carbon.server.admin_4.2.0.jar(MD5:5bedc269ad2f1cf436ee803e2bc18b08)
[2015-09-25 19:10:12,379]  INFO {org.wso2.carbon.server.util.PatchUtils} -  Patched axis2_1.6.1.wso2v10.jar(MD5:41c900b8f4f2e6f4ec159189ac14a5b0)
[2015-09-25 19:10:12,380]  INFO {org.wso2.carbon.server.util.PatchUtils} -  Patched org.wso2.carbon.registry.server_4.2.0.jar(MD5:435f0007d0869b6a8ff764e6a9d22f2b)
[2015-09-25 19:10:12,382]  INFO {org.wso2.carbon.server.util.PatchUtils} -  Patched org.wso2.carbon.utils_4.2.0.jar(MD5:41b0193a87f4a0f37e19dddb54bf837e)
[2015-09-25 19:10:12,394]  INFO {org.wso2.carbon.server.util.PatchUtils} -  Patched org.wso2.carbon.core_4.2.0.jar(MD5:bc08a6109d60a9ca8694775d61a85970)
[2015-09-25 19:10:12,398]  INFO {org.wso2.carbon.server.util.PatchUtils} -  Patched org.wso2.carbon.user.core_4.2.0.jar(MD5:01ac941b12a5357df75756ff7fa0e8f5)
[2015-09-25 19:10:12,398]  INFO {org.wso2.carbon.server.util.PatchUtils} -  Patched axis2-json_1.6.1.wso2v10.jar(MD5:946b20fad83445b72df5a10149b3463d)
[2015-09-25 19:10:12,399]  INFO {org.wso2.carbon.server.util.PatchUtils} -  Patched org.wso2.carbon.application.deployer_4.2.0.jar(MD5:0e9643a6c2574d7ea6e590dfe882d489)
[2015-09-25 19:10:12,399]  INFO {org.wso2.carbon.server.util.PatchUtils} -  Applying - patch0008
[2015-09-25 19:10:12,400]  INFO {org.wso2.carbon.server.util.PatchUtils} -  Patched javax.cache.wso2_4.2.0.jar(MD5:d89e0e07893e23549c7ea3286e3459c6)
[2015-09-25 19:10:12,401]  INFO {org.wso2.carbon.server.util.PatchUtils} -  Patched org.wso2.carbon.securevault_4.2.0.jar(MD5:1235ff0acb798ce08d79fb2c5c409f36)
[2015-09-25 19:10:12,464]  INFO {org.wso2.carbon.server.util.PatchUtils} -  Patched axis2_1.6.1.wso2v10.jar(MD5:9441d60e38fa0d4576f9ba51fc362905)
[2015-09-25 19:10:12,496]  INFO {org.wso2.carbon.server.util.PatchUtils} -  Patched org.wso2.carbon.registry.core_4.2.0.jar(MD5:a8ded4aa483112f580f7f0dc820484e2)
[2015-09-25 19:10:12,508]  INFO {org.wso2.carbon.server.util.PatchUtils} -  Patched org.wso2.carbon.user.core_4.2.0.jar(MD5:5654c5c5c68161943a1c5a5535df901f)
[2015-09-25 19:10:12,508]  INFO {org.wso2.carbon.server.util.PatchUtils} -  Applying - patch0009
[2015-09-25 19:10:12,513]  INFO {org.wso2.carbon.server.util.PatchUtils} -  Patched org.wso2.carbon.base_4.2.0.jar(MD5:0fccd8972c76b2d7c9f8ea395ea1f1c3)
[2015-09-25 19:10:12,571]  INFO {org.wso2.carbon.server.util.PatchUtils} -  Patched spring.framework_3.1.0.wso2v1.jar(MD5:1f4be17ba02efe47de74c7c5e1dbe749)
[2015-09-25 19:10:12,572]  INFO {org.wso2.carbon.server.util.PatchUtils} -  Patched org.wso2.carbon.jasper.patch_4.2.0.jar(MD5:9df460d83afc4aff9eb3c2c9d6418180)
[2015-09-25 19:10:12,574]  INFO {org.wso2.carbon.server.util.PatchUtils} -  Patched javax.cache.wso2_4.2.0.jar(MD5:a6ca8c9103197d46000df13ecaa5023a)
[2015-09-25 19:10:12,586]  INFO {org.wso2.carbon.server.util.PatchUtils} -  Patched woden_1.0.0.M8-wso2v1.jar(MD5:468c8e7eb617f65df3d3bda634e10bea)
[2015-09-25 19:10:12,587]  INFO {org.wso2.carbon.server.util.PatchUtils} -  Patched org.wso2.carbon.server.admin_4.2.0.jar(MD5:8e53c0be11d2b913934d424b921c29fd)
[2015-09-25 19:10:12,679]  INFO {org.wso2.carbon.server.util.PatchUtils} -  Patched axis2_1.6.1.wso2v10.jar(MD5:27a84774a6397c7c4a02f56bcb31ff46)
[2015-09-25 19:10:12,680]  INFO {org.wso2.carbon.server.util.PatchUtils} -  Patched org.wso2.carbon.registry.server_4.2.0.jar(MD5:84d995f7a19a3e093b8e200624aeb684)
[2015-09-25 19:10:12,686]  INFO {org.wso2.carbon.server.util.PatchUtils} -  Patched org.wso2.carbon.utils_4.2.0.jar(MD5:dc7e55901e5537770334dd2d54b56b30)
[2015-09-25 19:10:12,695]  INFO {org.wso2.carbon.server.util.PatchUtils} -  Patched org.wso2.carbon.registry.core_4.2.0.jar(MD5:fbaa7a18b6effc720b4d3a0dad5da1f3)
[2015-09-25 19:10:12,714]  INFO {org.wso2.carbon.server.util.PatchUtils} -  Patched org.wso2.carbon.core_4.2.0.jar(MD5:aadc05607d089c711a1039cdf003e1e6)
[2015-09-25 19:10:12,721]  INFO {org.wso2.carbon.server.util.PatchUtils} -  Patched org.wso2.carbon.user.core_4.2.0.jar(MD5:85ab22bb15fffce8bcd2513ac9d18402)
[2015-09-25 19:10:12,742]  INFO {org.wso2.carbon.server.util.PatchUtils} -  Patched axiom_1.2.11.wso2v4.jar(MD5:671bab05a557733cf2c76b637c000a11)
[2015-09-25 19:10:12,782]  INFO {org.wso2.carbon.server.util.PatchUtils} -  Patched hazelcast_3.0.1.wso2v1.jar(MD5:0ab0cb6a801922c42db4f9e5daf2cda4)
[2015-09-25 19:10:12,782]  INFO {org.wso2.carbon.server.util.PatchUtils} -  Patched axis2-json_1.6.1.wso2v10.jar(MD5:04a5b30ed58e27655445a0ccc4eeba9a)
[2015-09-25 19:10:12,783]  INFO {org.wso2.carbon.server.util.PatchUtils} -  Patched org.wso2.carbon.application.deployer_4.2.0.jar(MD5:561eac7837e5c09739bbfe93e4636960)
[2015-09-25 19:10:12,851]  INFO {org.wso2.carbon.server.util.PatchUtils} -  Patched poi-ooxml_3.9.0.wso2v1.jar(MD5:6c71a944091df6c4c446e8ddcd528344)
[2015-09-25 19:10:12,855]  INFO {org.wso2.carbon.server.util.PatchUtils} -  Patched axis2-transport-jms_1.1.0.wso2v9.jar(MD5:60b4e12dbefcb00ad4966066d58f0adb)
[2015-09-25 19:10:12,856]  INFO {org.wso2.carbon.server.util.PatchUtils} -  Patched axis2-transport-sms_1.1.0.wso2v9.jar(MD5:92026d2541daa4466abed6d1ef2f6efc)
[2015-09-25 19:10:12,856]  INFO {org.wso2.carbon.server.util.PatchUtils} -  Applying - patch0010
[2015-09-25 19:10:12,857]  INFO {org.wso2.carbon.server.util.PatchUtils} -  Patched org.wso2.carbon.tomcat.ext_4.2.0.jar(MD5:6b9b148890919d139bd9c5dc2fdbe3e1)
[2015-09-25 19:10:12,882]  INFO {org.wso2.carbon.server.util.PatchUtils} -  Patched tomcat_7.0.34.wso2v1.jar(MD5:7439f74b950c7459bb71bfe9e84ad894)
[2015-09-25 19:10:12,883]  INFO {org.wso2.carbon.server.util.PatchUtils} -  Patched org.wso2.carbon.core.services_4.2.0.jar(MD5:7c842658c29b3cce8a2ee41e2b7834c4)
[2015-09-25 19:10:12,887]  INFO {org.wso2.carbon.server.util.PatchUtils} -  Patched org.wso2.carbon.ndatasource.rdbms_4.2.0.jar(MD5:acbe7b3648d7389ee436387e3fef035e)
[2015-09-25 19:10:12,888]  INFO {org.wso2.carbon.server.util.PatchUtils} -  Patched javax.cache.wso2_4.2.0.jar(MD5:c11dfaa5a01b368b9cc0f56b4388969f)
[2015-09-25 19:10:12,966]  INFO {org.wso2.carbon.server.util.PatchUtils} -  Patched axis2_1.6.1.wso2v10.jar(MD5:78a7cddca685695a5117de16947eed03)
[2015-09-25 19:10:12,968]  INFO {org.wso2.carbon.server.util.PatchUtils} -  Patched org.wso2.carbon.tomcat.patch_4.2.0.jar(MD5:63c4eab75a6a2502404acc66c3020510)
[2015-09-25 19:10:12,969]  INFO {org.wso2.carbon.server.util.PatchUtils} -  Patched tomcat-ha_7.0.34.wso2v1.jar(MD5:a9e22cd28a9d5f4535c7f9703886517a)
[2015-09-25 19:10:12,970]  INFO {org.wso2.carbon.server.util.PatchUtils} -  Patched org.wso2.carbon.feature.mgt.services_4.2.0.jar(MD5:85a207fb80fb51b839e745a924930b5d)
[2015-09-25 19:10:12,988]  INFO {org.wso2.carbon.server.util.PatchUtils} -  Patched wss4j_1.5.11.wso2v6.jar(MD5:690a8fd5acbea9519d8212ec9e1738ef)
[2015-09-25 19:10:12,998]  INFO {org.wso2.carbon.server.util.PatchUtils} -  Patched org.wso2.carbon.registry.core_4.2.0.jar(MD5:418f2b0ed06ce3caefdef498d3b00dce)
[2015-09-25 19:10:13,014]  INFO {org.wso2.carbon.server.util.PatchUtils} -  Patched org.wso2.carbon.core_4.2.0.jar(MD5:57d5be63df7486b7ee7f77f236c2d05a)
[2015-09-25 19:10:13,022]  INFO {org.wso2.carbon.server.util.PatchUtils} -  Patched org.wso2.carbon.user.core_4.2.0.jar(MD5:b7980020a70f5e62df652026ad946dcf)
[2015-09-25 19:10:13,046]  INFO {org.wso2.carbon.server.util.PatchUtils} -  Patched axiom_1.2.11.wso2v4.jar(MD5:ed11e9b72e3033cc6c3119aaa2500abe)
[2015-09-25 19:10:13,084]  INFO {org.wso2.carbon.server.util.PatchUtils} -  Patched hazelcast_3.0.1.wso2v1.jar(MD5:6ce19b6d8fe73913f9a45a6f44442535)
[2015-09-25 19:10:13,085]  INFO {org.wso2.carbon.server.util.PatchUtils} -  Patched axis2-json_1.6.1.wso2v10.jar(MD5:1e2f8e8cbaa5e6e406f3f686ec6cecd2)
[2015-09-25 19:10:13,092]  INFO {org.wso2.carbon.server.util.PatchUtils} -  Patched axis2-transport-jms_1.1.0.wso2v9.jar(MD5:dd54dbb6675fed40e84c9bdbb02a9ed5)
[2015-09-25 19:10:13,092]  INFO {org.wso2.carbon.server.util.PatchUtils} -  Applying - patch0011
[2015-09-25 19:10:13,097]  INFO {org.wso2.carbon.server.util.PatchUtils} -  Patched org.wso2.carbon.utils_4.2.0.jar(MD5:208e9aead8fa76834c9e3a350f81d32f)
[2015-09-25 19:10:13,107]  INFO {org.wso2.carbon.server.util.PatchUtils} -  Patched org.wso2.carbon.registry.core_4.2.0.jar(MD5:e503bef24526012fc3e0d2bc71d5fc25)
[2015-09-25 19:10:13,126]  INFO {org.wso2.carbon.server.util.PatchUtils} -  Patched org.wso2.carbon.core_4.2.0.jar(MD5:f06c1b0c60be56caa606903cf9dd8a55)
[2015-09-25 19:10:13,131]  INFO {org.wso2.carbon.server.util.PatchUtils} -  Patched org.wso2.carbon.user.core_4.2.0.jar(MD5:9af0408e154b039c736328b28e5425e5)
[2015-09-25 19:10:13,132]  INFO {org.wso2.carbon.server.util.PatchUtils} -  Patched axis2-transport-rabbitmq-amqp_1.1.0.wso2v9.jar(MD5:561069b638674a2170d8249b1f867ac2)
[2015-09-25 19:10:13,133]  INFO {org.wso2.carbon.server.util.PatchUtils} -  Patched axis2-json_1.6.1.wso2v10.jar(MD5:04cbdf553068edcefc6f31ebfa3947c0)
[2015-09-25 19:10:13,137]  INFO {org.wso2.carbon.server.util.PatchUtils} -  Patched axis2-transport-jms_1.1.0.wso2v9.jar(MD5:179908b871cb36a5220a603cd7c5a7aa)
[2015-09-25 19:10:13,137]  INFO {org.wso2.carbon.server.util.PatchUtils} -  Applying - patch0012
[2015-09-25 19:10:13,138]  INFO {org.wso2.carbon.server.util.PatchUtils} -  Patched org.wso2.carbon.tomcat_4.2.0.jar(MD5:ad61808877b5580ffce59a7e166e69e5)
[2015-09-25 19:10:13,139]  INFO {org.wso2.carbon.server.util.PatchUtils} -  Patched javax.cache.wso2_4.2.0.jar(MD5:8abc785493600e642c3eea9fe08dabd4)
[2015-09-25 19:10:13,223]  INFO {org.wso2.carbon.server.util.PatchUtils} -  Patched axis2_1.6.1.wso2v10.jar(MD5:93ecedc629f11077c64c0005209c59e7)
[2015-09-25 19:10:13,240]  INFO {org.wso2.carbon.server.util.PatchUtils} -  Patched org.wso2.carbon.utils_4.2.0.jar(MD5:5ad6361bac8faff3f02ededd12ed57b9)
[2015-09-25 19:10:13,249]  INFO {org.wso2.carbon.server.util.PatchUtils} -  Patched org.wso2.carbon.registry.core_4.2.0.jar(MD5:d539d74784a6ccadacc1e21903c8a050)
[2015-09-25 19:10:13,271]  INFO {org.wso2.carbon.server.util.PatchUtils} -  Patched org.wso2.carbon.core_4.2.0.jar(MD5:ea23f9027ea52dce31bfef1f2f36524d)
[2015-09-25 19:10:13,279]  INFO {org.wso2.carbon.server.util.PatchUtils} -  Patched org.wso2.carbon.user.core_4.2.0.jar(MD5:746e1bb3596d542bb3149ca1b9e1a636)
[2015-09-25 19:10:13,283]  INFO {org.wso2.carbon.server.util.PatchUtils} -  Patched axis2-transport-tcp_1.1.0.wso2v9.jar(MD5:d645bfcfc809f2268d280517687ca4ba)
[2015-09-25 19:10:13,353]  INFO {org.wso2.carbon.server.util.PatchUtils} -  Patched hazelcast_3.0.1.wso2v1.jar(MD5:5ac9d7a501da19eb18f8e1348cfab2ab)
[2015-09-25 19:10:13,354]  INFO {org.wso2.carbon.server.util.PatchUtils} -  Patched axis2-json_1.6.1.wso2v10.jar(MD5:b30ff7f42b4a8b124d5087bf73dc6070)
[2015-09-25 19:10:13,363]  INFO {org.wso2.carbon.server.util.PatchUtils} -  Patched axis2-transport-jms_1.1.0.wso2v9.jar(MD5:2be7bf50fb8c4f71990a1602ffc4a3d3)
[2015-09-25 19:10:13,363]  INFO {org.wso2.carbon.server.util.PatchUtils} -  Patch verification started
[2015-09-25 19:10:13,646]  INFO {org.wso2.carbon.server.util.PatchUtils} -  Patch verification successfully completed
[2015-09-25 19:46:24,467]  INFO {org.wso2.carbon.server.util.PatchUtils} -  Checking for patch changes ...
[2015-09-25 19:46:24,470]  INFO {org.wso2.carbon.server.util.PatchUtils} -  No new patch or service pack detected, server will start without applying patches 
[2015-09-25 19:46:27,213]  INFO {org.wso2.carbon.server.util.PatchUtils} -  Patch verification started
[2015-09-25 19:46:27,423]  INFO {org.wso2.carbon.server.util.PatchUtils} -  Patch verification successfully completed
[2015-09-25 19:48:49,917]  INFO {org.wso2.carbon.server.util.PatchUtils} -  Checking for patch changes ...
[2015-09-25 19:48:49,920]  INFO {org.wso2.carbon.server.util.PatchUtils} -  No new patch or service pack detected, server will start without applying patches 
[2015-09-25 19:48:50,485]  INFO {org.wso2.carbon.server.util.PatchUtils} -  Patch verification started
[2015-09-25 19:48:50,706]  INFO {org.wso2.carbon.server.util.PatchUtils} -  Patch verification successfully completed
[2015-09-29 09:29:44,563]  INFO {org.wso2.carbon.server.util.PatchUtils} -  Checking for patch changes ...
[2015-09-29 09:29:44,565]  INFO {org.wso2.carbon.server.util.PatchUtils} -  No new patch or service pack detected, server will start without applying patches 
[2015-09-29 09:29:45,064]  INFO {org.wso2.carbon.server.util.PatchUtils} -  Patch verification started
[2015-09-29 09:29:45,251]  INFO {org.wso2.carbon.server.util.PatchUtils} -  Patch verification successfully completed
[2015-09-29 14:04:10,529]  INFO {org.wso2.carbon.server.util.PatchUtils} -  Checking for patch changes ...
[2015-09-29 14:04:10,533]  INFO {org.wso2.carbon.server.util.PatchUtils} -  No new patch or service pack detected, server will start without applying patches 
[2015-09-29 14:04:11,041]  INFO {org.wso2.carbon.server.util.PatchUtils} -  Patch verification started
[2015-09-29 14:04:11,266]  INFO {org.wso2.carbon.server.util.PatchUtils} -  Patch verification successfully completed
