carbon.super {1970-01-01 05:30:00,000} [cartridge_agent_health_stats:1.0.0] [][][wso2as-521-application.wso2as-521-manager.wso2as-521-manager.domain, wso2as-521-application-1, network-partition-mock, wso2as-521-application.wso2as-521-manager.wso2as-521-manager.domain0ce02b5b-54f0-41c8-bdcf-c8e6412fcbd6, partition-1, memory_consumption, 20.0]
carbon.super {1970-01-01 05:30:00,000} [in_flight_requests:1.0.0] [][][wso2as-521-application.wso2as-521-manager.wso2as-521-manager.domain, wso2as-521-application-1, network-partition-mock, 1.0]
carbon.super {1970-01-01 05:30:00,000} [cartridge_agent_health_stats:1.0.0] [][][wso2as-521-application.wso2as-521-manager.wso2as-521-manager.domain, wso2as-521-application-1, network-partition-mock, wso2as-521-application.wso2as-521-manager.wso2as-521-manager.domain0ce02b5b-54f0-41c8-bdcf-c8e6412fcbd6, partition-1, load_average, 20.0]
carbon.super {1970-01-01 05:30:00,000} [in_flight_requests:1.0.0] [][][wso2as-521-application.wso2as-521-worker.wso2as-521-worker.domain, wso2as-521-application-1, network-partition-mock, 1.0]
carbon.super {1970-01-01 05:30:00,000} [cartridge_agent_health_stats:1.0.0] [][][wso2as-521-application.wso2as-521-worker.wso2as-521-worker.domain, wso2as-521-application-1, network-partition-mock, wso2as-521-application.wso2as-521-worker.wso2as-521-worker.domain7f66ac3d-cc37-4083-95ed-144e9dfc1875, partition-1, memory_consumption, 20.0]
carbon.super {1970-01-01 05:30:00,000} [cartridge_agent_health_stats:1.0.0] [][][wso2as-521-application.wso2as-521-worker.wso2as-521-worker.domain, wso2as-521-application-1, network-partition-mock, wso2as-521-application.wso2as-521-worker.wso2as-521-worker.domain7f66ac3d-cc37-4083-95ed-144e9dfc1875, partition-1, load_average, 20.0]
carbon.super {1970-01-01 05:30:00,000} [in_flight_requests:1.0.0] [][][wso2as-521-application.wso2as-521-worker.wso2as-521-worker.domain, wso2as-521-application-1, network-partition-mock, 1.0]
carbon.super {1970-01-01 05:30:00,000} [cartridge_agent_health_stats:1.0.0] [][][wso2as-521-application.wso2as-521-worker.wso2as-521-worker.domain, wso2as-521-application-1, network-partition-mock, wso2as-521-application.wso2as-521-worker.wso2as-521-worker.domaind5e0c135-57a2-42bc-8202-23cf8f5bc848, partition-1, memory_consumption, 20.0]
carbon.super {1970-01-01 05:30:00,000} [cartridge_agent_health_stats:1.0.0] [][][wso2as-521-application.wso2as-521-worker.wso2as-521-worker.domain, wso2as-521-application-1, network-partition-mock, wso2as-521-application.wso2as-521-worker.wso2as-521-worker.domaind5e0c135-57a2-42bc-8202-23cf8f5bc848, partition-1, load_average, 20.0]
carbon.super {1970-01-01 05:30:00,000} [in_flight_requests:1.0.0] [][][wso2as-521-application.wso2as-521-manager.wso2as-521-manager.domain, wso2as-521-application-1, network-partition-mock, 1.0]
carbon.super {1970-01-01 05:30:00,000} [cartridge_agent_health_stats:1.0.0] [][][wso2as-521-application.wso2as-521-manager.wso2as-521-manager.domain, wso2as-521-application-1, network-partition-mock, wso2as-521-application.wso2as-521-manager.wso2as-521-manager.domain0ce02b5b-54f0-41c8-bdcf-c8e6412fcbd6, partition-1, memory_consumption, 20.0]
carbon.super {1970-01-01 05:30:00,000} [cartridge_agent_health_stats:1.0.0] [][][wso2as-521-application.wso2as-521-manager.wso2as-521-manager.domain, wso2as-521-application-1, network-partition-mock, wso2as-521-application.wso2as-521-manager.wso2as-521-manager.domain0ce02b5b-54f0-41c8-bdcf-c8e6412fcbd6, partition-1, load_average, 20.0]
carbon.super {1970-01-01 05:30:00,000} [in_flight_requests:1.0.0] [][][wso2as-521-application.wso2as-521-worker.wso2as-521-worker.domain, wso2as-521-application-1, network-partition-mock, 1.0]
carbon.super {1970-01-01 05:30:00,000} [cartridge_agent_health_stats:1.0.0] [][][wso2as-521-application.wso2as-521-worker.wso2as-521-worker.domain, wso2as-521-application-1, network-partition-mock, wso2as-521-application.wso2as-521-worker.wso2as-521-worker.domain7f66ac3d-cc37-4083-95ed-144e9dfc1875, partition-1, memory_consumption, 20.0]
carbon.super {1970-01-01 05:30:00,000} [cartridge_agent_health_stats:1.0.0] [][][wso2as-521-application.wso2as-521-worker.wso2as-521-worker.domain, wso2as-521-application-1, network-partition-mock, wso2as-521-application.wso2as-521-worker.wso2as-521-worker.domain7f66ac3d-cc37-4083-95ed-144e9dfc1875, partition-1, load_average, 20.0]
carbon.super {1970-01-01 05:30:00,000} [in_flight_requests:1.0.0] [][][wso2as-521-application.wso2as-521-worker.wso2as-521-worker.domain, wso2as-521-application-1, network-partition-mock, 1.0]
carbon.super {1970-01-01 05:30:00,000} [cartridge_agent_health_stats:1.0.0] [][][wso2as-521-application.wso2as-521-worker.wso2as-521-worker.domain, wso2as-521-application-1, network-partition-mock, wso2as-521-application.wso2as-521-worker.wso2as-521-worker.domaind5e0c135-57a2-42bc-8202-23cf8f5bc848, partition-1, memory_consumption, 20.0]
carbon.super {1970-01-01 05:30:00,000} [cartridge_agent_health_stats:1.0.0] [][][wso2as-521-application.wso2as-521-worker.wso2as-521-worker.domain, wso2as-521-application-1, network-partition-mock, wso2as-521-application.wso2as-521-worker.wso2as-521-worker.domaind5e0c135-57a2-42bc-8202-23cf8f5bc848, partition-1, load_average, 20.0]
carbon.super {1970-01-01 05:30:00,000} [in_flight_requests:1.0.0] [][][wso2as-521-application.wso2as-521-manager.wso2as-521-manager.domain, wso2as-521-application-1, network-partition-mock, 1.0]
carbon.super {1970-01-01 05:30:00,000} [cartridge_agent_health_stats:1.0.0] [][][wso2as-521-application.wso2as-521-manager.wso2as-521-manager.domain, wso2as-521-application-1, network-partition-mock, wso2as-521-application.wso2as-521-manager.wso2as-521-manager.domain0ce02b5b-54f0-41c8-bdcf-c8e6412fcbd6, partition-1, memory_consumption, 20.0]
carbon.super {1970-01-01 05:30:00,000} [cartridge_agent_health_stats:1.0.0] [][][wso2as-521-application.wso2as-521-manager.wso2as-521-manager.domain, wso2as-521-application-1, network-partition-mock, wso2as-521-application.wso2as-521-manager.wso2as-521-manager.domain0ce02b5b-54f0-41c8-bdcf-c8e6412fcbd6, partition-1, load_average, 20.0]
carbon.super {1970-01-01 05:30:00,000} [in_flight_requests:1.0.0] [][][wso2as-521-application.wso2as-521-worker.wso2as-521-worker.domain, wso2as-521-application-1, network-partition-mock, 1.0]
carbon.super {1970-01-01 05:30:00,000} [cartridge_agent_health_stats:1.0.0] [][][wso2as-521-application.wso2as-521-worker.wso2as-521-worker.domain, wso2as-521-application-1, network-partition-mock, wso2as-521-application.wso2as-521-worker.wso2as-521-worker.domain7f66ac3d-cc37-4083-95ed-144e9dfc1875, partition-1, memory_consumption, 20.0]
carbon.super {1970-01-01 05:30:00,000} [cartridge_agent_health_stats:1.0.0] [][][wso2as-521-application.wso2as-521-worker.wso2as-521-worker.domain, wso2as-521-application-1, network-partition-mock, wso2as-521-application.wso2as-521-worker.wso2as-521-worker.domain7f66ac3d-cc37-4083-95ed-144e9dfc1875, partition-1, load_average, 20.0]
carbon.super {1970-01-01 05:30:00,000} [in_flight_requests:1.0.0] [][][wso2as-521-application.wso2as-521-worker.wso2as-521-worker.domain, wso2as-521-application-1, network-partition-mock, 1.0]
carbon.super {1970-01-01 05:30:00,000} [cartridge_agent_health_stats:1.0.0] [][][wso2as-521-application.wso2as-521-worker.wso2as-521-worker.domain, wso2as-521-application-1, network-partition-mock, wso2as-521-application.wso2as-521-worker.wso2as-521-worker.domaind5e0c135-57a2-42bc-8202-23cf8f5bc848, partition-1, memory_consumption, 20.0]
carbon.super {1970-01-01 05:30:00,000} [cartridge_agent_health_stats:1.0.0] [][][wso2as-521-application.wso2as-521-worker.wso2as-521-worker.domain, wso2as-521-application-1, network-partition-mock, wso2as-521-application.wso2as-521-worker.wso2as-521-worker.domaind5e0c135-57a2-42bc-8202-23cf8f5bc848, partition-1, load_average, 20.0]
carbon.super {1970-01-01 05:30:00,000} [in_flight_requests:1.0.0] [][][wso2as-521-application.wso2as-521-manager.wso2as-521-manager.domain, wso2as-521-application-1, network-partition-mock, 1.0]
carbon.super {1970-01-01 05:30:00,000} [cartridge_agent_health_stats:1.0.0] [][][wso2as-521-application.wso2as-521-manager.wso2as-521-manager.domain, wso2as-521-application-1, network-partition-mock, wso2as-521-application.wso2as-521-manager.wso2as-521-manager.domain0ce02b5b-54f0-41c8-bdcf-c8e6412fcbd6, partition-1, memory_consumption, 20.0]
carbon.super {1970-01-01 05:30:00,000} [cartridge_agent_health_stats:1.0.0] [][][wso2as-521-application.wso2as-521-manager.wso2as-521-manager.domain, wso2as-521-application-1, network-partition-mock, wso2as-521-application.wso2as-521-manager.wso2as-521-manager.domain0ce02b5b-54f0-41c8-bdcf-c8e6412fcbd6, partition-1, load_average, 20.0]
carbon.super {1970-01-01 05:30:00,000} [in_flight_requests:1.0.0] [][][wso2as-521-application.wso2as-521-manager.wso2as-521-manager.domain, wso2as-521-application-1, network-partition-mock, 1.0]
carbon.super {1970-01-01 05:30:00,000} [cartridge_agent_health_stats:1.0.0] [][][wso2as-521-application.wso2as-521-manager.wso2as-521-manager.domain, wso2as-521-application-1, network-partition-mock, wso2as-521-application.wso2as-521-manager.wso2as-521-manager.domain877a5933-77e5-4bc6-a514-5b0b7b14ca1b, partition-1, memory_consumption, 20.0]
carbon.super {1970-01-01 05:30:00,000} [cartridge_agent_health_stats:1.0.0] [][][wso2as-521-application.wso2as-521-manager.wso2as-521-manager.domain, wso2as-521-application-1, network-partition-mock, wso2as-521-application.wso2as-521-manager.wso2as-521-manager.domain877a5933-77e5-4bc6-a514-5b0b7b14ca1b, partition-1, load_average, 20.0]
carbon.super {1970-01-01 05:30:00,000} [in_flight_requests:1.0.0] [][][wso2as-521-application.wso2as-521-worker.wso2as-521-worker.domain, wso2as-521-application-1, network-partition-mock, 1.0]
carbon.super {1970-01-01 05:30:00,000} [cartridge_agent_health_stats:1.0.0] [][][wso2as-521-application.wso2as-521-worker.wso2as-521-worker.domain, wso2as-521-application-1, network-partition-mock, wso2as-521-application.wso2as-521-worker.wso2as-521-worker.domain32e0c117-eaab-40d6-9b3b-b21c0ab7e323, partition-1, memory_consumption, 20.0]
carbon.super {1970-01-01 05:30:00,000} [cartridge_agent_health_stats:1.0.0] [][][wso2as-521-application.wso2as-521-worker.wso2as-521-worker.domain, wso2as-521-application-1, network-partition-mock, wso2as-521-application.wso2as-521-worker.wso2as-521-worker.domain32e0c117-eaab-40d6-9b3b-b21c0ab7e323, partition-1, load_average, 20.0]
carbon.super {1970-01-01 05:30:00,000} [in_flight_requests:1.0.0] [][][wso2as-521-application.wso2as-521-worker.wso2as-521-worker.domain, wso2as-521-application-1, network-partition-mock, 1.0]
carbon.super {1970-01-01 05:30:00,000} [cartridge_agent_health_stats:1.0.0] [][][wso2as-521-application.wso2as-521-worker.wso2as-521-worker.domain, wso2as-521-application-1, network-partition-mock, wso2as-521-application.wso2as-521-worker.wso2as-521-worker.domain9b09a46a-a66a-4a18-8f19-370e06eab931, partition-1, memory_consumption, 20.0]
carbon.super {1970-01-01 05:30:00,000} [cartridge_agent_health_stats:1.0.0] [][][wso2as-521-application.wso2as-521-worker.wso2as-521-worker.domain, wso2as-521-application-1, network-partition-mock, wso2as-521-application.wso2as-521-worker.wso2as-521-worker.domain9b09a46a-a66a-4a18-8f19-370e06eab931, partition-1, load_average, 20.0]
carbon.super {1970-01-01 05:30:00,000} [in_flight_requests:1.0.0] [][][wso2as-521-application.wso2as-521-manager.wso2as-521-manager.domain, wso2as-521-application-1, network-partition-mock, 1.0]
carbon.super {1970-01-01 05:30:00,000} [cartridge_agent_health_stats:1.0.0] [][][wso2as-521-application.wso2as-521-manager.wso2as-521-manager.domain, wso2as-521-application-1, network-partition-mock, wso2as-521-application.wso2as-521-manager.wso2as-521-manager.domain877a5933-77e5-4bc6-a514-5b0b7b14ca1b, partition-1, memory_consumption, 20.0]
carbon.super {1970-01-01 05:30:00,000} [cartridge_agent_health_stats:1.0.0] [][][wso2as-521-application.wso2as-521-manager.wso2as-521-manager.domain, wso2as-521-application-1, network-partition-mock, wso2as-521-application.wso2as-521-manager.wso2as-521-manager.domain877a5933-77e5-4bc6-a514-5b0b7b14ca1b, partition-1, load_average, 20.0]
carbon.super {1970-01-01 05:30:00,000} [in_flight_requests:1.0.0] [][][wso2as-521-application.wso2as-521-worker.wso2as-521-worker.domain, wso2as-521-application-1, network-partition-mock, 1.0]
carbon.super {1970-01-01 05:30:00,000} [cartridge_agent_health_stats:1.0.0] [][][wso2as-521-application.wso2as-521-worker.wso2as-521-worker.domain, wso2as-521-application-1, network-partition-mock, wso2as-521-application.wso2as-521-worker.wso2as-521-worker.domain32e0c117-eaab-40d6-9b3b-b21c0ab7e323, partition-1, memory_consumption, 20.0]
carbon.super {1970-01-01 05:30:00,000} [cartridge_agent_health_stats:1.0.0] [][][wso2as-521-application.wso2as-521-worker.wso2as-521-worker.domain, wso2as-521-application-1, network-partition-mock, wso2as-521-application.wso2as-521-worker.wso2as-521-worker.domain32e0c117-eaab-40d6-9b3b-b21c0ab7e323, partition-1, load_average, 20.0]
carbon.super {1970-01-01 05:30:00,000} [in_flight_requests:1.0.0] [][][wso2as-521-application.wso2as-521-worker.wso2as-521-worker.domain, wso2as-521-application-1, network-partition-mock, 1.0]
carbon.super {1970-01-01 05:30:00,000} [cartridge_agent_health_stats:1.0.0] [][][wso2as-521-application.wso2as-521-worker.wso2as-521-worker.domain, wso2as-521-application-1, network-partition-mock, wso2as-521-application.wso2as-521-worker.wso2as-521-worker.domain9b09a46a-a66a-4a18-8f19-370e06eab931, partition-1, memory_consumption, 20.0]
carbon.super {1970-01-01 05:30:00,000} [cartridge_agent_health_stats:1.0.0] [][][wso2as-521-application.wso2as-521-worker.wso2as-521-worker.domain, wso2as-521-application-1, network-partition-mock, wso2as-521-application.wso2as-521-worker.wso2as-521-worker.domain9b09a46a-a66a-4a18-8f19-370e06eab931, partition-1, load_average, 20.0]
carbon.super {1970-01-01 05:30:00,000} [in_flight_requests:1.0.0] [][][wso2as-521-application.wso2as-521-manager.wso2as-521-manager.domain, wso2as-521-application-1, network-partition-mock, 1.0]
carbon.super {1970-01-01 05:30:00,000} [cartridge_agent_health_stats:1.0.0] [][][wso2as-521-application.wso2as-521-manager.wso2as-521-manager.domain, wso2as-521-application-1, network-partition-mock, wso2as-521-application.wso2as-521-manager.wso2as-521-manager.domain877a5933-77e5-4bc6-a514-5b0b7b14ca1b, partition-1, memory_consumption, 20.0]
carbon.super {1970-01-01 05:30:00,000} [cartridge_agent_health_stats:1.0.0] [][][wso2as-521-application.wso2as-521-manager.wso2as-521-manager.domain, wso2as-521-application-1, network-partition-mock, wso2as-521-application.wso2as-521-manager.wso2as-521-manager.domain877a5933-77e5-4bc6-a514-5b0b7b14ca1b, partition-1, load_average, 20.0]
carbon.super {1970-01-01 05:30:00,000} [in_flight_requests:1.0.0] [][][wso2as-521-application.wso2as-521-worker.wso2as-521-worker.domain, wso2as-521-application-1, network-partition-mock, 1.0]
carbon.super {1970-01-01 05:30:00,000} [cartridge_agent_health_stats:1.0.0] [][][wso2as-521-application.wso2as-521-worker.wso2as-521-worker.domain, wso2as-521-application-1, network-partition-mock, wso2as-521-application.wso2as-521-worker.wso2as-521-worker.domain32e0c117-eaab-40d6-9b3b-b21c0ab7e323, partition-1, memory_consumption, 20.0]
carbon.super {1970-01-01 05:30:00,000} [cartridge_agent_health_stats:1.0.0] [][][wso2as-521-application.wso2as-521-worker.wso2as-521-worker.domain, wso2as-521-application-1, network-partition-mock, wso2as-521-application.wso2as-521-worker.wso2as-521-worker.domain32e0c117-eaab-40d6-9b3b-b21c0ab7e323, partition-1, load_average, 20.0]
carbon.super {1970-01-01 05:30:00,000} [cartridge_agent_health_stats:1.0.0] [][][wso2as-521-application.wso2as-521-worker.wso2as-521-worker.domain, wso2as-521-application-1, network-partition-mock, wso2as-521-application.wso2as-521-worker.wso2as-521-worker.domain9b09a46a-a66a-4a18-8f19-370e06eab931, partition-1, memory_consumption, 20.0]
carbon.super {1970-01-01 05:30:00,000} [cartridge_agent_health_stats:1.0.0] [][][wso2as-521-application.wso2as-521-worker.wso2as-521-worker.domain, wso2as-521-application-1, network-partition-mock, wso2as-521-application.wso2as-521-worker.wso2as-521-worker.domain9b09a46a-a66a-4a18-8f19-370e06eab931, partition-1, load_average, 20.0]
carbon.super {1970-01-01 05:30:00,000} [in_flight_requests:1.0.0] [][][wso2as-521-application.wso2as-521-worker.wso2as-521-worker.domain, wso2as-521-application-1, network-partition-mock, 1.0]
carbon.super {1970-01-01 05:30:00,000} [in_flight_requests:1.0.0] [][][wso2as-521-application.wso2as-521-manager.wso2as-521-manager.domain, wso2as-521-application-1, network-partition-mock, 1.0]
carbon.super {1970-01-01 05:30:00,000} [cartridge_agent_health_stats:1.0.0] [][][wso2as-521-application.wso2as-521-manager.wso2as-521-manager.domain, wso2as-521-application-1, network-partition-mock, wso2as-521-application.wso2as-521-manager.wso2as-521-manager.domain877a5933-77e5-4bc6-a514-5b0b7b14ca1b, partition-1, memory_consumption, 20.0]
carbon.super {1970-01-01 05:30:00,000} [cartridge_agent_health_stats:1.0.0] [][][wso2as-521-application.wso2as-521-manager.wso2as-521-manager.domain, wso2as-521-application-1, network-partition-mock, wso2as-521-application.wso2as-521-manager.wso2as-521-manager.domain877a5933-77e5-4bc6-a514-5b0b7b14ca1b, partition-1, load_average, 20.0]
carbon.super {1970-01-01 05:30:00,000} [in_flight_requests:1.0.0] [][][wso2as-521-application.wso2as-521-worker.wso2as-521-worker.domain, wso2as-521-application-1, network-partition-mock, 1.0]
carbon.super {1970-01-01 05:30:00,000} [cartridge_agent_health_stats:1.0.0] [][][wso2as-521-application.wso2as-521-worker.wso2as-521-worker.domain, wso2as-521-application-1, network-partition-mock, wso2as-521-application.wso2as-521-worker.wso2as-521-worker.domain32e0c117-eaab-40d6-9b3b-b21c0ab7e323, partition-1, memory_consumption, 20.0]
carbon.super {1970-01-01 05:30:00,000} [cartridge_agent_health_stats:1.0.0] [][][wso2as-521-application.wso2as-521-worker.wso2as-521-worker.domain, wso2as-521-application-1, network-partition-mock, wso2as-521-application.wso2as-521-worker.wso2as-521-worker.domain32e0c117-eaab-40d6-9b3b-b21c0ab7e323, partition-1, load_average, 20.0]
carbon.super {1970-01-01 05:30:00,000} [in_flight_requests:1.0.0] [][][wso2as-521-application.wso2as-521-worker.wso2as-521-worker.domain, wso2as-521-application-1, network-partition-mock, 1.0]
carbon.super {1970-01-01 05:30:00,000} [cartridge_agent_health_stats:1.0.0] [][][wso2as-521-application.wso2as-521-worker.wso2as-521-worker.domain, wso2as-521-application-1, network-partition-mock, wso2as-521-application.wso2as-521-worker.wso2as-521-worker.domain9b09a46a-a66a-4a18-8f19-370e06eab931, partition-1, memory_consumption, 20.0]
carbon.super {1970-01-01 05:30:00,000} [cartridge_agent_health_stats:1.0.0] [][][wso2as-521-application.wso2as-521-worker.wso2as-521-worker.domain, wso2as-521-application-1, network-partition-mock, wso2as-521-application.wso2as-521-worker.wso2as-521-worker.domain9b09a46a-a66a-4a18-8f19-370e06eab931, partition-1, load_average, 20.0]
carbon.super {1970-01-01 05:30:00,000} [in_flight_requests:1.0.0] [][][wso2as-521-application.wso2as-521-manager.wso2as-521-manager.domain, wso2as-521-application-1, network-partition-mock, 1.0]
carbon.super {1970-01-01 05:30:00,000} [cartridge_agent_health_stats:1.0.0] [][][wso2as-521-application.wso2as-521-manager.wso2as-521-manager.domain, wso2as-521-application-1, network-partition-mock, wso2as-521-application.wso2as-521-manager.wso2as-521-manager.domain877a5933-77e5-4bc6-a514-5b0b7b14ca1b, partition-1, memory_consumption, 20.0]
carbon.super {1970-01-01 05:30:00,000} [cartridge_agent_health_stats:1.0.0] [][][wso2as-521-application.wso2as-521-manager.wso2as-521-manager.domain, wso2as-521-application-1, network-partition-mock, wso2as-521-application.wso2as-521-manager.wso2as-521-manager.domain877a5933-77e5-4bc6-a514-5b0b7b14ca1b, partition-1, load_average, 20.0]
carbon.super {1970-01-01 05:30:00,000} [in_flight_requests:1.0.0] [][][wso2as-521-application.wso2as-521-worker.wso2as-521-worker.domain, wso2as-521-application-1, network-partition-mock, 1.0]
carbon.super {1970-01-01 05:30:00,000} [cartridge_agent_health_stats:1.0.0] [][][wso2as-521-application.wso2as-521-worker.wso2as-521-worker.domain, wso2as-521-application-1, network-partition-mock, wso2as-521-application.wso2as-521-worker.wso2as-521-worker.domain32e0c117-eaab-40d6-9b3b-b21c0ab7e323, partition-1, memory_consumption, 20.0]
carbon.super {1970-01-01 05:30:00,000} [cartridge_agent_health_stats:1.0.0] [][][wso2as-521-application.wso2as-521-worker.wso2as-521-worker.domain, wso2as-521-application-1, network-partition-mock, wso2as-521-application.wso2as-521-worker.wso2as-521-worker.domain32e0c117-eaab-40d6-9b3b-b21c0ab7e323, partition-1, load_average, 20.0]
carbon.super {1970-01-01 05:30:00,000} [in_flight_requests:1.0.0] [][][wso2as-521-application.wso2as-521-worker.wso2as-521-worker.domain, wso2as-521-application-1, network-partition-mock, 1.0]
carbon.super {1970-01-01 05:30:00,000} [cartridge_agent_health_stats:1.0.0] [][][wso2as-521-application.wso2as-521-worker.wso2as-521-worker.domain, wso2as-521-application-1, network-partition-mock, wso2as-521-application.wso2as-521-worker.wso2as-521-worker.domain9b09a46a-a66a-4a18-8f19-370e06eab931, partition-1, memory_consumption, 20.0]
carbon.super {1970-01-01 05:30:00,000} [cartridge_agent_health_stats:1.0.0] [][][wso2as-521-application.wso2as-521-worker.wso2as-521-worker.domain, wso2as-521-application-1, network-partition-mock, wso2as-521-application.wso2as-521-worker.wso2as-521-worker.domain9b09a46a-a66a-4a18-8f19-370e06eab931, partition-1, load_average, 20.0]
carbon.super {1970-01-01 05:30:00,000} [in_flight_requests:1.0.0] [][][wso2as-521-application.wso2as-521-manager.wso2as-521-manager.domain, wso2as-521-application-1, network-partition-mock, 1.0]
carbon.super {1970-01-01 05:30:00,000} [cartridge_agent_health_stats:1.0.0] [][][wso2as-521-application.wso2as-521-manager.wso2as-521-manager.domain, wso2as-521-application-1, network-partition-mock, wso2as-521-application.wso2as-521-manager.wso2as-521-manager.domain877a5933-77e5-4bc6-a514-5b0b7b14ca1b, partition-1, memory_consumption, 20.0]
carbon.super {1970-01-01 05:30:00,000} [cartridge_agent_health_stats:1.0.0] [][][wso2as-521-application.wso2as-521-manager.wso2as-521-manager.domain, wso2as-521-application-1, network-partition-mock, wso2as-521-application.wso2as-521-manager.wso2as-521-manager.domain877a5933-77e5-4bc6-a514-5b0b7b14ca1b, partition-1, load_average, 20.0]
carbon.super {1970-01-01 05:30:00,000} [in_flight_requests:1.0.0] [][][wso2as-521-application.wso2as-521-worker.wso2as-521-worker.domain, wso2as-521-application-1, network-partition-mock, 1.0]
carbon.super {1970-01-01 05:30:00,000} [cartridge_agent_health_stats:1.0.0] [][][wso2as-521-application.wso2as-521-worker.wso2as-521-worker.domain, wso2as-521-application-1, network-partition-mock, wso2as-521-application.wso2as-521-worker.wso2as-521-worker.domain32e0c117-eaab-40d6-9b3b-b21c0ab7e323, partition-1, memory_consumption, 20.0]
carbon.super {1970-01-01 05:30:00,000} [cartridge_agent_health_stats:1.0.0] [][][wso2as-521-application.wso2as-521-worker.wso2as-521-worker.domain, wso2as-521-application-1, network-partition-mock, wso2as-521-application.wso2as-521-worker.wso2as-521-worker.domain32e0c117-eaab-40d6-9b3b-b21c0ab7e323, partition-1, load_average, 20.0]
carbon.super {1970-01-01 05:30:00,000} [in_flight_requests:1.0.0] [][][wso2as-521-application.wso2as-521-worker.wso2as-521-worker.domain, wso2as-521-application-1, network-partition-mock, 1.0]
carbon.super {1970-01-01 05:30:00,000} [cartridge_agent_health_stats:1.0.0] [][][wso2as-521-application.wso2as-521-worker.wso2as-521-worker.domain, wso2as-521-application-1, network-partition-mock, wso2as-521-application.wso2as-521-worker.wso2as-521-worker.domain9b09a46a-a66a-4a18-8f19-370e06eab931, partition-1, memory_consumption, 20.0]
carbon.super {1970-01-01 05:30:00,000} [cartridge_agent_health_stats:1.0.0] [][][wso2as-521-application.wso2as-521-worker.wso2as-521-worker.domain, wso2as-521-application-1, network-partition-mock, wso2as-521-application.wso2as-521-worker.wso2as-521-worker.domain9b09a46a-a66a-4a18-8f19-370e06eab931, partition-1, load_average, 20.0]
